Sun 12 Oct 2025 21:16:38 INFO  ['ai-agent/recommender/training/train_bert4rec.py']
Sun 12 Oct 2025 21:16:38 INFO  
General Hyper Parameters:
gpu_id = 0
use_gpu = True
seed = 2020
state = INFO
reproducibility = True
data_path = /home/nemmer/Nemmer-Workflow/Project/Second-hand-Web-VietNam/ai-agent/recommender/dataset/ecommerce
checkpoint_dir = saved
show_progress = True
save_dataset = False
dataset_save_path = None
save_dataloaders = False
dataloaders_save_path = None
log_wandb = False

Training Hyper Parameters:
epochs = 50
train_batch_size = 1024
learner = adam
learning_rate = 0.001
train_neg_sample_args = {'distribution': 'none', 'sample_num': 'none', 'alpha': 'none', 'dynamic': False, 'candidate_num': 0}
eval_step = 1
stopping_step = 10
clip_grad_norm = None
weight_decay = 0.0
loss_decimal_place = 4

Evaluation Hyper Parameters:
eval_args = {'split': {'RS': [0.8, 0.1, 0.1]}, 'order': 'TO', 'group_by': 'user', 'mode': {'valid': 'full', 'test': 'full'}}
repeatable = True
metrics = ['Recall', 'MRR', 'NDCG', 'Hit', 'Precision']
topk = [5, 10]
valid_metric = MRR@10
valid_metric_bigger = True
eval_batch_size = 1024
metric_decimal_place = 4

Dataset Hyper Parameters:
field_separator = 	
seq_separator =  
USER_ID_FIELD = user_id
ITEM_ID_FIELD = item_id
RATING_FIELD = label
TIME_FIELD = timestamp
seq_len = 50
LABEL_FIELD = label
threshold = None
NEG_PREFIX = neg_
load_col = {'inter': ['user_id', 'item_id', 'timestamp', 'label']}
unload_col = None
unused_col = None
additional_feat_suffix = None
rm_dup_inter = None
val_interval = None
filter_inter_by_user_or_item = True
user_inter_num_interval = [0,inf)
item_inter_num_interval = [0,inf)
alias_of_user_id = None
alias_of_item_id = None
alias_of_entity_id = None
alias_of_relation_id = None
preload_weight = None
normalize_field = None
normalize_all = None
ITEM_LIST_LENGTH_FIELD = item_length
LIST_SUFFIX = _list
MAX_ITEM_LIST_LENGTH = 50
POSITION_FIELD = position_id
HEAD_ENTITY_ID_FIELD = head_id
TAIL_ENTITY_ID_FIELD = tail_id
RELATION_ID_FIELD = relation_id
ENTITY_ID_FIELD = entity_id
benchmark_filename = None

Other Hyper Parameters: 
worker = 0
wandb_project = recbole
shuffle = True
require_pow = False
enable_amp = False
enable_scaler = False
transform = mask_itemseq
n_layers = 2
n_heads = 2
hidden_size = 64
inner_size = 256
hidden_dropout_prob = 0.2
attn_dropout_prob = 0.2
hidden_act = gelu
layer_norm_eps = 1e-12
initializer_range = 0.02
mask_ratio = 0.2
loss_type = CE
ft_ratio = 0.5
numerical_features = []
discretization = None
kg_reverse_r = False
entity_kg_num_interval = [0,inf)
relation_kg_num_interval = [0,inf)
MODEL_TYPE = ModelType.SEQUENTIAL
neg_sampling = None
embedding_size = 64
num_layers = 2
num_heads = 2
dropout_prob = 0.2
MODEL_INPUT_TYPE = InputType.POINTWISE
eval_type = EvaluatorType.RANKING
single_spec = True
local_rank = 0
device = cpu
valid_neg_sample_args = {'distribution': 'uniform', 'sample_num': 'none'}
test_neg_sample_args = {'distribution': 'uniform', 'sample_num': 'none'}


Sun 12 Oct 2025 21:16:38 INFO  ecommerce
The number of users: 2573
Average actions of users: 7.003499222395023
The number of items: 96
Average actions of items: 189.61052631578949
The number of inters: 18013
The sparsity of the dataset: 92.70752364295893%
Remain Fields: ['user_id', 'item_id', 'timestamp', 'label']
Sun 12 Oct 2025 21:16:38 INFO  [Training]: train_batch_size = [1024] train_neg_sample_args: [{'distribution': 'none', 'sample_num': 'none', 'alpha': 'none', 'dynamic': False, 'candidate_num': 0}]
Sun 12 Oct 2025 21:16:38 INFO  [Evaluation]: eval_batch_size = [1024] eval_args: [{'split': {'RS': [0.8, 0.1, 0.1]}, 'order': 'TO', 'group_by': 'user', 'mode': {'valid': 'full', 'test': 'full'}}]
Sun 12 Oct 2025 21:16:38 INFO  BERT4Rec(
  (item_embedding): Embedding(97, 64, padding_idx=0)
  (position_embedding): Embedding(50, 64)
  (trm_encoder): TransformerEncoder(
    (layer): ModuleList(
      (0-1): 2 x TransformerLayer(
        (multi_head_attention): MultiHeadAttention(
          (query): Linear(in_features=64, out_features=64, bias=True)
          (key): Linear(in_features=64, out_features=64, bias=True)
          (value): Linear(in_features=64, out_features=64, bias=True)
          (softmax): Softmax(dim=-1)
          (attn_dropout): Dropout(p=0.2, inplace=False)
          (dense): Linear(in_features=64, out_features=64, bias=True)
          (LayerNorm): LayerNorm((64,), eps=1e-12, elementwise_affine=True)
          (out_dropout): Dropout(p=0.2, inplace=False)
        )
        (feed_forward): FeedForward(
          (dense_1): Linear(in_features=64, out_features=256, bias=True)
          (dense_2): Linear(in_features=256, out_features=64, bias=True)
          (LayerNorm): LayerNorm((64,), eps=1e-12, elementwise_affine=True)
          (dropout): Dropout(p=0.2, inplace=False)
        )
      )
    )
  )
  (LayerNorm): LayerNorm((64,), eps=1e-12, elementwise_affine=True)
  (dropout): Dropout(p=0.2, inplace=False)
  (output_ffn): Linear(in_features=64, out_features=64, bias=True)
  (output_gelu): GELU(approximate='none')
  (output_ln): LayerNorm((64,), eps=1e-12, elementwise_affine=True)
)
Trainable parameters: 113888
Sun 12 Oct 2025 21:16:38 INFO  FLOPs: 5194664.0
Sun 12 Oct 2025 21:16:51 INFO  epoch 0 training [time: 11.53s, train loss: 49.8861]
Sun 12 Oct 2025 21:16:51 INFO  epoch 0 evaluating [time: 0.49s, valid_score: 0.054400]
Sun 12 Oct 2025 21:16:51 INFO  valid result: 
recall@5 : 0.091    recall@10 : 0.1745    mrr@5 : 0.0434    mrr@10 : 0.0544    ndcg@5 : 0.0551    ndcg@10 : 0.082    hit@5 : 0.091    hit@10 : 0.1745    precision@5 : 0.0182    precision@10 : 0.0175
Sun 12 Oct 2025 21:16:51 INFO  Saving current: saved/BERT4Rec-Oct-12-2025_21-16-38.pth
Sun 12 Oct 2025 21:17:03 INFO  epoch 1 training [time: 11.58s, train loss: 48.9160]
Sun 12 Oct 2025 21:17:04 INFO  epoch 1 evaluating [time: 0.64s, valid_score: 0.079200]
Sun 12 Oct 2025 21:17:04 INFO  valid result: 
recall@5 : 0.1505    recall@10 : 0.2604    mrr@5 : 0.064    mrr@10 : 0.0792    ndcg@5 : 0.0851    ndcg@10 : 0.1212    hit@5 : 0.1505    hit@10 : 0.2604    precision@5 : 0.0301    precision@10 : 0.026
Sun 12 Oct 2025 21:17:04 INFO  Saving current: saved/BERT4Rec-Oct-12-2025_21-16-38.pth
Sun 12 Oct 2025 21:17:15 INFO  epoch 2 training [time: 11.70s, train loss: 46.5988]
Sun 12 Oct 2025 21:17:16 INFO  epoch 2 evaluating [time: 0.52s, valid_score: 0.287800]
Sun 12 Oct 2025 21:17:16 INFO  valid result: 
recall@5 : 0.4311    recall@10 : 0.5901    mrr@5 : 0.2665    mrr@10 : 0.2878    ndcg@5 : 0.3074    ndcg@10 : 0.3589    hit@5 : 0.4311    hit@10 : 0.5901    precision@5 : 0.0862    precision@10 : 0.059
Sun 12 Oct 2025 21:17:16 INFO  Saving current: saved/BERT4Rec-Oct-12-2025_21-16-38.pth
Sun 12 Oct 2025 21:17:27 INFO  epoch 3 training [time: 11.61s, train loss: 42.8037]
Sun 12 Oct 2025 21:17:28 INFO  epoch 3 evaluating [time: 0.49s, valid_score: 0.484800]
Sun 12 Oct 2025 21:17:28 INFO  valid result: 
recall@5 : 0.6448    recall@10 : 0.7274    mrr@5 : 0.4734    mrr@10 : 0.4848    ndcg@5 : 0.5163    ndcg@10 : 0.5433    hit@5 : 0.6448    hit@10 : 0.7274    precision@5 : 0.129    precision@10 : 0.0727
Sun 12 Oct 2025 21:17:28 INFO  Saving current: saved/BERT4Rec-Oct-12-2025_21-16-38.pth
Sun 12 Oct 2025 21:17:40 INFO  epoch 4 training [time: 11.64s, train loss: 39.0565]
Sun 12 Oct 2025 21:17:40 INFO  epoch 4 evaluating [time: 0.50s, valid_score: 0.605400]
Sun 12 Oct 2025 21:17:40 INFO  valid result: 
recall@5 : 0.7184    recall@10 : 0.7656    mrr@5 : 0.5991    mrr@10 : 0.6054    ndcg@5 : 0.629    ndcg@10 : 0.6443    hit@5 : 0.7184    hit@10 : 0.7656    precision@5 : 0.1437    precision@10 : 0.0766
Sun 12 Oct 2025 21:17:40 INFO  Saving current: saved/BERT4Rec-Oct-12-2025_21-16-38.pth
Sun 12 Oct 2025 21:17:52 INFO  epoch 5 training [time: 11.55s, train loss: 35.5765]
Sun 12 Oct 2025 21:17:52 INFO  epoch 5 evaluating [time: 0.49s, valid_score: 0.673200]
Sun 12 Oct 2025 21:17:52 INFO  valid result: 
recall@5 : 0.7514    recall@10 : 0.7929    mrr@5 : 0.6678    mrr@10 : 0.6732    ndcg@5 : 0.689    ndcg@10 : 0.7022    hit@5 : 0.7514    hit@10 : 0.7929    precision@5 : 0.1503    precision@10 : 0.0793
Sun 12 Oct 2025 21:17:52 INFO  Saving current: saved/BERT4Rec-Oct-12-2025_21-16-38.pth
Sun 12 Oct 2025 21:18:04 INFO  epoch 6 training [time: 12.25s, train loss: 32.2811]
Sun 12 Oct 2025 21:18:05 INFO  epoch 6 evaluating [time: 0.57s, valid_score: 0.709400]
Sun 12 Oct 2025 21:18:05 INFO  valid result: 
recall@5 : 0.7665    recall@10 : 0.8123    mrr@5 : 0.7035    mrr@10 : 0.7094    ndcg@5 : 0.7194    ndcg@10 : 0.7341    hit@5 : 0.7665    hit@10 : 0.8123    precision@5 : 0.1533    precision@10 : 0.0812
Sun 12 Oct 2025 21:18:05 INFO  Saving current: saved/BERT4Rec-Oct-12-2025_21-16-38.pth
Sun 12 Oct 2025 21:18:18 INFO  epoch 7 training [time: 13.08s, train loss: 29.4966]
Sun 12 Oct 2025 21:18:19 INFO  epoch 7 evaluating [time: 0.54s, valid_score: 0.722600]
Sun 12 Oct 2025 21:18:19 INFO  valid result: 
recall@5 : 0.7825    recall@10 : 0.8193    mrr@5 : 0.7177    mrr@10 : 0.7226    ndcg@5 : 0.734    ndcg@10 : 0.7459    hit@5 : 0.7825    hit@10 : 0.8193    precision@5 : 0.1565    precision@10 : 0.0819
Sun 12 Oct 2025 21:18:19 INFO  Saving current: saved/BERT4Rec-Oct-12-2025_21-16-38.pth
Sun 12 Oct 2025 21:18:30 INFO  epoch 8 training [time: 11.78s, train loss: 26.8852]
Sun 12 Oct 2025 21:18:31 INFO  epoch 8 evaluating [time: 0.51s, valid_score: 0.731800]
Sun 12 Oct 2025 21:18:31 INFO  valid result: 
recall@5 : 0.7896    recall@10 : 0.8241    mrr@5 : 0.7273    mrr@10 : 0.7318    ndcg@5 : 0.743    ndcg@10 : 0.7541    hit@5 : 0.7896    hit@10 : 0.8241    precision@5 : 0.1579    precision@10 : 0.0824
Sun 12 Oct 2025 21:18:31 INFO  Saving current: saved/BERT4Rec-Oct-12-2025_21-16-38.pth
Sun 12 Oct 2025 21:18:43 INFO  epoch 9 training [time: 11.70s, train loss: 24.5283]
Sun 12 Oct 2025 21:18:43 INFO  epoch 9 evaluating [time: 0.51s, valid_score: 0.762200]
Sun 12 Oct 2025 21:18:43 INFO  valid result: 
recall@5 : 0.7972    recall@10 : 0.8311    mrr@5 : 0.7575    mrr@10 : 0.7622    ndcg@5 : 0.7675    ndcg@10 : 0.7786    hit@5 : 0.7972    hit@10 : 0.8311    precision@5 : 0.1594    precision@10 : 0.0831
Sun 12 Oct 2025 21:18:43 INFO  Saving current: saved/BERT4Rec-Oct-12-2025_21-16-38.pth
Sun 12 Oct 2025 21:18:55 INFO  epoch 10 training [time: 12.07s, train loss: 22.3590]
Sun 12 Oct 2025 21:18:56 INFO  epoch 10 evaluating [time: 0.45s, valid_score: 0.762800]
Sun 12 Oct 2025 21:18:56 INFO  valid result: 
recall@5 : 0.8028    recall@10 : 0.8297    mrr@5 : 0.7594    mrr@10 : 0.7628    ndcg@5 : 0.7703    ndcg@10 : 0.7788    hit@5 : 0.8028    hit@10 : 0.8297    precision@5 : 0.1606    precision@10 : 0.083
Sun 12 Oct 2025 21:18:56 INFO  Saving current: saved/BERT4Rec-Oct-12-2025_21-16-38.pth
Sun 12 Oct 2025 21:19:08 INFO  epoch 11 training [time: 11.96s, train loss: 20.6231]
Sun 12 Oct 2025 21:19:08 INFO  epoch 11 evaluating [time: 0.56s, valid_score: 0.774900]
Sun 12 Oct 2025 21:19:08 INFO  valid result: 
recall@5 : 0.808    recall@10 : 0.8373    mrr@5 : 0.771    mrr@10 : 0.7749    ndcg@5 : 0.7803    ndcg@10 : 0.7897    hit@5 : 0.808    hit@10 : 0.8373    precision@5 : 0.1616    precision@10 : 0.0837
Sun 12 Oct 2025 21:19:08 INFO  Saving current: saved/BERT4Rec-Oct-12-2025_21-16-38.pth
Sun 12 Oct 2025 21:19:20 INFO  epoch 12 training [time: 11.94s, train loss: 18.4857]
Sun 12 Oct 2025 21:19:21 INFO  epoch 12 evaluating [time: 0.57s, valid_score: 0.787500]
Sun 12 Oct 2025 21:19:21 INFO  valid result: 
recall@5 : 0.8193    recall@10 : 0.8448    mrr@5 : 0.7842    mrr@10 : 0.7875    ndcg@5 : 0.793    ndcg@10 : 0.8011    hit@5 : 0.8193    hit@10 : 0.8448    precision@5 : 0.1639    precision@10 : 0.0845
Sun 12 Oct 2025 21:19:21 INFO  Saving current: saved/BERT4Rec-Oct-12-2025_21-16-38.pth
Sun 12 Oct 2025 21:19:33 INFO  epoch 13 training [time: 12.13s, train loss: 16.6780]
Sun 12 Oct 2025 21:19:34 INFO  epoch 13 evaluating [time: 0.64s, valid_score: 0.805700]
Sun 12 Oct 2025 21:19:34 INFO  valid result: 
recall@5 : 0.8344    recall@10 : 0.8571    mrr@5 : 0.8028    mrr@10 : 0.8057    ndcg@5 : 0.8107    ndcg@10 : 0.8179    hit@5 : 0.8344    hit@10 : 0.8571    precision@5 : 0.1669    precision@10 : 0.0857
Sun 12 Oct 2025 21:19:34 INFO  Saving current: saved/BERT4Rec-Oct-12-2025_21-16-38.pth
Sun 12 Oct 2025 21:19:46 INFO  epoch 14 training [time: 12.46s, train loss: 15.6616]
Sun 12 Oct 2025 21:19:47 INFO  epoch 14 evaluating [time: 0.53s, valid_score: 0.818400]
Sun 12 Oct 2025 21:19:47 INFO  valid result: 
recall@5 : 0.841    recall@10 : 0.8571    mrr@5 : 0.8163    mrr@10 : 0.8184    ndcg@5 : 0.8225    ndcg@10 : 0.8276    hit@5 : 0.841    hit@10 : 0.8571    precision@5 : 0.1682    precision@10 : 0.0857
Sun 12 Oct 2025 21:19:47 INFO  Saving current: saved/BERT4Rec-Oct-12-2025_21-16-38.pth
Sun 12 Oct 2025 21:19:59 INFO  epoch 15 training [time: 12.22s, train loss: 14.5662]
Sun 12 Oct 2025 21:19:59 INFO  epoch 15 evaluating [time: 0.62s, valid_score: 0.826400]
Sun 12 Oct 2025 21:19:59 INFO  valid result: 
recall@5 : 0.8458    recall@10 : 0.859    mrr@5 : 0.8246    mrr@10 : 0.8264    ndcg@5 : 0.83    ndcg@10 : 0.8342    hit@5 : 0.8458    hit@10 : 0.859    precision@5 : 0.1692    precision@10 : 0.0859
Sun 12 Oct 2025 21:19:59 INFO  Saving current: saved/BERT4Rec-Oct-12-2025_21-16-38.pth
Sun 12 Oct 2025 21:20:12 INFO  epoch 16 training [time: 12.39s, train loss: 13.5916]
Sun 12 Oct 2025 21:20:12 INFO  epoch 16 evaluating [time: 0.52s, valid_score: 0.831200]
Sun 12 Oct 2025 21:20:12 INFO  valid result: 
recall@5 : 0.85    recall@10 : 0.8627    mrr@5 : 0.8295    mrr@10 : 0.8312    ndcg@5 : 0.8346    ndcg@10 : 0.8387    hit@5 : 0.85    hit@10 : 0.8627    precision@5 : 0.17    precision@10 : 0.0863
Sun 12 Oct 2025 21:20:12 INFO  Saving current: saved/BERT4Rec-Oct-12-2025_21-16-38.pth
Sun 12 Oct 2025 21:20:25 INFO  epoch 17 training [time: 12.45s, train loss: 13.8275]
Sun 12 Oct 2025 21:20:25 INFO  epoch 17 evaluating [time: 0.53s, valid_score: 0.830700]
Sun 12 Oct 2025 21:20:25 INFO  valid result: 
recall@5 : 0.85    recall@10 : 0.8632    mrr@5 : 0.8289    mrr@10 : 0.8307    ndcg@5 : 0.8342    ndcg@10 : 0.8385    hit@5 : 0.85    hit@10 : 0.8632    precision@5 : 0.17    precision@10 : 0.0863
Sun 12 Oct 2025 21:20:38 INFO  epoch 18 training [time: 12.51s, train loss: 13.2425]
Sun 12 Oct 2025 21:20:38 INFO  epoch 18 evaluating [time: 0.55s, valid_score: 0.834800]
Sun 12 Oct 2025 21:20:38 INFO  valid result: 
recall@5 : 0.8505    recall@10 : 0.8642    mrr@5 : 0.8331    mrr@10 : 0.8348    ndcg@5 : 0.8374    ndcg@10 : 0.8418    hit@5 : 0.8505    hit@10 : 0.8642    precision@5 : 0.1701    precision@10 : 0.0864
Sun 12 Oct 2025 21:20:38 INFO  Saving current: saved/BERT4Rec-Oct-12-2025_21-16-38.pth
Sun 12 Oct 2025 21:20:51 INFO  epoch 19 training [time: 13.04s, train loss: 13.0722]
Sun 12 Oct 2025 21:20:52 INFO  epoch 19 evaluating [time: 0.67s, valid_score: 0.836100]
Sun 12 Oct 2025 21:20:52 INFO  valid result: 
recall@5 : 0.8514    recall@10 : 0.8684    mrr@5 : 0.8339    mrr@10 : 0.8361    ndcg@5 : 0.8383    ndcg@10 : 0.8437    hit@5 : 0.8514    hit@10 : 0.8684    precision@5 : 0.1703    precision@10 : 0.0868
Sun 12 Oct 2025 21:20:52 INFO  Saving current: saved/BERT4Rec-Oct-12-2025_21-16-38.pth
Sun 12 Oct 2025 21:21:05 INFO  epoch 20 training [time: 12.76s, train loss: 13.1402]
Sun 12 Oct 2025 21:21:05 INFO  epoch 20 evaluating [time: 0.57s, valid_score: 0.838800]
Sun 12 Oct 2025 21:21:05 INFO  valid result: 
recall@5 : 0.8547    recall@10 : 0.867    mrr@5 : 0.8373    mrr@10 : 0.8388    ndcg@5 : 0.8417    ndcg@10 : 0.8456    hit@5 : 0.8547    hit@10 : 0.867    precision@5 : 0.1709    precision@10 : 0.0867
Sun 12 Oct 2025 21:21:05 INFO  Saving current: saved/BERT4Rec-Oct-12-2025_21-16-38.pth
Sun 12 Oct 2025 21:21:18 INFO  epoch 21 training [time: 12.57s, train loss: 13.0823]
Sun 12 Oct 2025 21:21:19 INFO  epoch 21 evaluating [time: 0.56s, valid_score: 0.843600]
Sun 12 Oct 2025 21:21:19 INFO  valid result: 
recall@5 : 0.8575    recall@10 : 0.8703    mrr@5 : 0.842    mrr@10 : 0.8436    ndcg@5 : 0.8459    ndcg@10 : 0.8499    hit@5 : 0.8575    hit@10 : 0.8703    precision@5 : 0.1715    precision@10 : 0.087
Sun 12 Oct 2025 21:21:19 INFO  Saving current: saved/BERT4Rec-Oct-12-2025_21-16-38.pth
Sun 12 Oct 2025 21:21:31 INFO  epoch 22 training [time: 12.68s, train loss: 12.5799]
Sun 12 Oct 2025 21:21:32 INFO  epoch 22 evaluating [time: 0.50s, valid_score: 0.845200]
Sun 12 Oct 2025 21:21:32 INFO  valid result: 
recall@5 : 0.8608    recall@10 : 0.8708    mrr@5 : 0.844    mrr@10 : 0.8452    ndcg@5 : 0.8482    ndcg@10 : 0.8513    hit@5 : 0.8608    hit@10 : 0.8708    precision@5 : 0.1722    precision@10 : 0.0871
Sun 12 Oct 2025 21:21:32 INFO  Saving current: saved/BERT4Rec-Oct-12-2025_21-16-38.pth
Sun 12 Oct 2025 21:21:43 INFO  epoch 23 training [time: 11.12s, train loss: 11.5718]
Sun 12 Oct 2025 21:21:43 INFO  epoch 23 evaluating [time: 0.48s, valid_score: 0.843200]
Sun 12 Oct 2025 21:21:43 INFO  valid result: 
recall@5 : 0.8571    recall@10 : 0.8717    mrr@5 : 0.8412    mrr@10 : 0.8432    ndcg@5 : 0.8452    ndcg@10 : 0.85    hit@5 : 0.8571    hit@10 : 0.8717    precision@5 : 0.1714    precision@10 : 0.0872
Sun 12 Oct 2025 21:21:55 INFO  epoch 24 training [time: 11.35s, train loss: 11.6240]
Sun 12 Oct 2025 21:21:55 INFO  epoch 24 evaluating [time: 0.45s, valid_score: 0.840800]
Sun 12 Oct 2025 21:21:55 INFO  valid result: 
recall@5 : 0.8557    recall@10 : 0.8712    mrr@5 : 0.8388    mrr@10 : 0.8408    ndcg@5 : 0.843    ndcg@10 : 0.848    hit@5 : 0.8557    hit@10 : 0.8712    precision@5 : 0.1711    precision@10 : 0.0871
Sun 12 Oct 2025 21:22:06 INFO  epoch 25 training [time: 11.07s, train loss: 12.5468]
Sun 12 Oct 2025 21:22:07 INFO  epoch 25 evaluating [time: 0.47s, valid_score: 0.846400]
Sun 12 Oct 2025 21:22:07 INFO  valid result: 
recall@5 : 0.8618    recall@10 : 0.8741    mrr@5 : 0.8448    mrr@10 : 0.8464    ndcg@5 : 0.849    ndcg@10 : 0.8529    hit@5 : 0.8618    hit@10 : 0.8741    precision@5 : 0.1724    precision@10 : 0.0874
Sun 12 Oct 2025 21:22:07 INFO  Saving current: saved/BERT4Rec-Oct-12-2025_21-16-38.pth
Sun 12 Oct 2025 21:22:18 INFO  epoch 26 training [time: 11.21s, train loss: 11.6933]
Sun 12 Oct 2025 21:22:18 INFO  epoch 26 evaluating [time: 0.49s, valid_score: 0.850200]
Sun 12 Oct 2025 21:22:18 INFO  valid result: 
recall@5 : 0.8623    recall@10 : 0.8745    mrr@5 : 0.8486    mrr@10 : 0.8502    ndcg@5 : 0.852    ndcg@10 : 0.856    hit@5 : 0.8623    hit@10 : 0.8745    precision@5 : 0.1725    precision@10 : 0.0875
Sun 12 Oct 2025 21:22:18 INFO  Saving current: saved/BERT4Rec-Oct-12-2025_21-16-38.pth
Sun 12 Oct 2025 21:22:29 INFO  epoch 27 training [time: 11.00s, train loss: 11.4534]
Sun 12 Oct 2025 21:22:30 INFO  epoch 27 evaluating [time: 0.46s, valid_score: 0.846000]
Sun 12 Oct 2025 21:22:30 INFO  valid result: 
recall@5 : 0.8608    recall@10 : 0.8736    mrr@5 : 0.8443    mrr@10 : 0.846    ndcg@5 : 0.8484    ndcg@10 : 0.8525    hit@5 : 0.8608    hit@10 : 0.8736    precision@5 : 0.1722    precision@10 : 0.0874
Sun 12 Oct 2025 21:22:41 INFO  epoch 28 training [time: 11.16s, train loss: 9.8137]
Sun 12 Oct 2025 21:22:42 INFO  epoch 28 evaluating [time: 0.48s, valid_score: 0.841000]
Sun 12 Oct 2025 21:22:42 INFO  valid result: 
recall@5 : 0.8552    recall@10 : 0.8717    mrr@5 : 0.8388    mrr@10 : 0.841    ndcg@5 : 0.8429    ndcg@10 : 0.8482    hit@5 : 0.8552    hit@10 : 0.8717    precision@5 : 0.171    precision@10 : 0.0872
Sun 12 Oct 2025 21:22:53 INFO  epoch 29 training [time: 11.30s, train loss: 10.2926]
Sun 12 Oct 2025 21:22:53 INFO  epoch 29 evaluating [time: 0.45s, valid_score: 0.842300]
Sun 12 Oct 2025 21:22:53 INFO  valid result: 
recall@5 : 0.8575    recall@10 : 0.8712    mrr@5 : 0.8405    mrr@10 : 0.8423    ndcg@5 : 0.8448    ndcg@10 : 0.8491    hit@5 : 0.8575    hit@10 : 0.8712    precision@5 : 0.1715    precision@10 : 0.0871
Sun 12 Oct 2025 21:23:05 INFO  epoch 30 training [time: 11.28s, train loss: 11.6908]
Sun 12 Oct 2025 21:23:05 INFO  epoch 30 evaluating [time: 0.64s, valid_score: 0.845900]
Sun 12 Oct 2025 21:23:05 INFO  valid result: 
recall@5 : 0.859    recall@10 : 0.8722    mrr@5 : 0.8442    mrr@10 : 0.8459    ndcg@5 : 0.8479    ndcg@10 : 0.8521    hit@5 : 0.859    hit@10 : 0.8722    precision@5 : 0.1718    precision@10 : 0.0872
Sun 12 Oct 2025 21:23:17 INFO  epoch 31 training [time: 11.70s, train loss: 10.4827]
Sun 12 Oct 2025 21:23:17 INFO  epoch 31 evaluating [time: 0.48s, valid_score: 0.845000]
Sun 12 Oct 2025 21:23:17 INFO  valid result: 
recall@5 : 0.8585    recall@10 : 0.8745    mrr@5 : 0.8429    mrr@10 : 0.845    ndcg@5 : 0.8468    ndcg@10 : 0.8519    hit@5 : 0.8585    hit@10 : 0.8745    precision@5 : 0.1717    precision@10 : 0.0875
Sun 12 Oct 2025 21:23:29 INFO  epoch 32 training [time: 11.57s, train loss: 11.2872]
Sun 12 Oct 2025 21:23:30 INFO  epoch 32 evaluating [time: 0.51s, valid_score: 0.845100]
Sun 12 Oct 2025 21:23:30 INFO  valid result: 
recall@5 : 0.8585    recall@10 : 0.8745    mrr@5 : 0.8429    mrr@10 : 0.8451    ndcg@5 : 0.8468    ndcg@10 : 0.8521    hit@5 : 0.8585    hit@10 : 0.8745    precision@5 : 0.1717    precision@10 : 0.0875
Sun 12 Oct 2025 21:23:41 INFO  epoch 33 training [time: 11.20s, train loss: 10.9808]
Sun 12 Oct 2025 21:23:41 INFO  epoch 33 evaluating [time: 0.50s, valid_score: 0.845800]
Sun 12 Oct 2025 21:23:41 INFO  valid result: 
recall@5 : 0.8594    recall@10 : 0.8755    mrr@5 : 0.8436    mrr@10 : 0.8458    ndcg@5 : 0.8476    ndcg@10 : 0.8528    hit@5 : 0.8594    hit@10 : 0.8755    precision@5 : 0.1719    precision@10 : 0.0875
Sun 12 Oct 2025 21:23:52 INFO  epoch 34 training [time: 11.09s, train loss: 11.1119]
Sun 12 Oct 2025 21:23:53 INFO  epoch 34 evaluating [time: 0.48s, valid_score: 0.848300]
Sun 12 Oct 2025 21:23:53 INFO  valid result: 
recall@5 : 0.8618    recall@10 : 0.8755    mrr@5 : 0.8464    mrr@10 : 0.8483    ndcg@5 : 0.8503    ndcg@10 : 0.8547    hit@5 : 0.8618    hit@10 : 0.8755    precision@5 : 0.1724    precision@10 : 0.0875
Sun 12 Oct 2025 21:24:04 INFO  epoch 35 training [time: 11.26s, train loss: 11.6208]
Sun 12 Oct 2025 21:24:04 INFO  epoch 35 evaluating [time: 0.44s, valid_score: 0.848400]
Sun 12 Oct 2025 21:24:04 INFO  valid result: 
recall@5 : 0.8623    recall@10 : 0.8769    mrr@5 : 0.8465    mrr@10 : 0.8484    ndcg@5 : 0.8505    ndcg@10 : 0.8551    hit@5 : 0.8623    hit@10 : 0.8769    precision@5 : 0.1725    precision@10 : 0.0877
Sun 12 Oct 2025 21:24:16 INFO  epoch 36 training [time: 11.23s, train loss: 10.8641]
Sun 12 Oct 2025 21:24:16 INFO  epoch 36 evaluating [time: 0.47s, valid_score: 0.850100]
Sun 12 Oct 2025 21:24:16 INFO  valid result: 
recall@5 : 0.8632    recall@10 : 0.8783    mrr@5 : 0.8482    mrr@10 : 0.8501    ndcg@5 : 0.852    ndcg@10 : 0.8567    hit@5 : 0.8632    hit@10 : 0.8783    precision@5 : 0.1726    precision@10 : 0.0878
Sun 12 Oct 2025 21:24:28 INFO  epoch 37 training [time: 11.42s, train loss: 11.2471]
Sun 12 Oct 2025 21:24:28 INFO  epoch 37 evaluating [time: 0.50s, valid_score: 0.852100]
Sun 12 Oct 2025 21:24:28 INFO  valid result: 
recall@5 : 0.8613    recall@10 : 0.8759    mrr@5 : 0.8502    mrr@10 : 0.8521    ndcg@5 : 0.853    ndcg@10 : 0.8576    hit@5 : 0.8613    hit@10 : 0.8759    precision@5 : 0.1723    precision@10 : 0.0876
Sun 12 Oct 2025 21:24:28 INFO  Saving current: saved/BERT4Rec-Oct-12-2025_21-16-38.pth
Sun 12 Oct 2025 21:24:40 INFO  epoch 38 training [time: 11.42s, train loss: 10.3293]
Sun 12 Oct 2025 21:24:40 INFO  epoch 38 evaluating [time: 0.47s, valid_score: 0.851200]
Sun 12 Oct 2025 21:24:40 INFO  valid result: 
recall@5 : 0.8646    recall@10 : 0.8745    mrr@5 : 0.8499    mrr@10 : 0.8512    ndcg@5 : 0.8536    ndcg@10 : 0.8568    hit@5 : 0.8646    hit@10 : 0.8745    precision@5 : 0.1729    precision@10 : 0.0875
Sun 12 Oct 2025 21:24:51 INFO  epoch 39 training [time: 11.40s, train loss: 11.5287]
Sun 12 Oct 2025 21:24:52 INFO  epoch 39 evaluating [time: 0.46s, valid_score: 0.850200]
Sun 12 Oct 2025 21:24:52 INFO  valid result: 
recall@5 : 0.8613    recall@10 : 0.8741    mrr@5 : 0.8487    mrr@10 : 0.8502    ndcg@5 : 0.8519    ndcg@10 : 0.8558    hit@5 : 0.8613    hit@10 : 0.8741    precision@5 : 0.1723    precision@10 : 0.0874
Sun 12 Oct 2025 21:25:03 INFO  epoch 40 training [time: 11.48s, train loss: 9.8315]
Sun 12 Oct 2025 21:25:04 INFO  epoch 40 evaluating [time: 0.42s, valid_score: 0.849600]
Sun 12 Oct 2025 21:25:04 INFO  valid result: 
recall@5 : 0.8642    recall@10 : 0.8778    mrr@5 : 0.8478    mrr@10 : 0.8496    ndcg@5 : 0.8519    ndcg@10 : 0.8563    hit@5 : 0.8642    hit@10 : 0.8778    precision@5 : 0.1728    precision@10 : 0.0878
Sun 12 Oct 2025 21:25:15 INFO  epoch 41 training [time: 11.40s, train loss: 9.4016]
Sun 12 Oct 2025 21:25:16 INFO  epoch 41 evaluating [time: 0.41s, valid_score: 0.850200]
Sun 12 Oct 2025 21:25:16 INFO  valid result: 
recall@5 : 0.8623    recall@10 : 0.8745    mrr@5 : 0.8486    mrr@10 : 0.8502    ndcg@5 : 0.852    ndcg@10 : 0.856    hit@5 : 0.8623    hit@10 : 0.8745    precision@5 : 0.1725    precision@10 : 0.0875
Sun 12 Oct 2025 21:25:27 INFO  epoch 42 training [time: 11.08s, train loss: 10.5948]
Sun 12 Oct 2025 21:25:27 INFO  epoch 42 evaluating [time: 0.39s, valid_score: 0.852100]
Sun 12 Oct 2025 21:25:27 INFO  valid result: 
recall@5 : 0.8618    recall@10 : 0.8755    mrr@5 : 0.8504    mrr@10 : 0.8521    ndcg@5 : 0.8532    ndcg@10 : 0.8576    hit@5 : 0.8618    hit@10 : 0.8755    precision@5 : 0.1724    precision@10 : 0.0875
Sun 12 Oct 2025 21:25:27 INFO  Saving current: saved/BERT4Rec-Oct-12-2025_21-16-38.pth
Sun 12 Oct 2025 21:25:38 INFO  epoch 43 training [time: 11.38s, train loss: 10.6031]
Sun 12 Oct 2025 21:25:39 INFO  epoch 43 evaluating [time: 0.42s, valid_score: 0.851700]
Sun 12 Oct 2025 21:25:39 INFO  valid result: 
recall@5 : 0.8627    recall@10 : 0.8745    mrr@5 : 0.85    mrr@10 : 0.8517    ndcg@5 : 0.8532    ndcg@10 : 0.8571    hit@5 : 0.8627    hit@10 : 0.8745    precision@5 : 0.1725    precision@10 : 0.0875
Sun 12 Oct 2025 21:25:50 INFO  epoch 44 training [time: 11.55s, train loss: 10.8158]
Sun 12 Oct 2025 21:25:51 INFO  epoch 44 evaluating [time: 0.42s, valid_score: 0.852500]
Sun 12 Oct 2025 21:25:51 INFO  valid result: 
recall@5 : 0.8646    recall@10 : 0.8741    mrr@5 : 0.8513    mrr@10 : 0.8525    ndcg@5 : 0.8546    ndcg@10 : 0.8576    hit@5 : 0.8646    hit@10 : 0.8741    precision@5 : 0.1729    precision@10 : 0.0874
Sun 12 Oct 2025 21:25:51 INFO  Saving current: saved/BERT4Rec-Oct-12-2025_21-16-38.pth
Sun 12 Oct 2025 21:26:02 INFO  epoch 45 training [time: 11.40s, train loss: 10.5146]
Sun 12 Oct 2025 21:26:03 INFO  epoch 45 evaluating [time: 0.46s, valid_score: 0.852500]
Sun 12 Oct 2025 21:26:03 INFO  valid result: 
recall@5 : 0.8642    recall@10 : 0.8774    mrr@5 : 0.8508    mrr@10 : 0.8525    ndcg@5 : 0.8542    ndcg@10 : 0.8583    hit@5 : 0.8642    hit@10 : 0.8774    precision@5 : 0.1728    precision@10 : 0.0877
Sun 12 Oct 2025 21:26:03 INFO  Saving current: saved/BERT4Rec-Oct-12-2025_21-16-38.pth
Sun 12 Oct 2025 21:26:14 INFO  epoch 46 training [time: 11.20s, train loss: 10.5826]
Sun 12 Oct 2025 21:26:14 INFO  epoch 46 evaluating [time: 0.44s, valid_score: 0.852100]
Sun 12 Oct 2025 21:26:14 INFO  valid result: 
recall@5 : 0.8646    recall@10 : 0.8783    mrr@5 : 0.8503    mrr@10 : 0.8521    ndcg@5 : 0.8539    ndcg@10 : 0.8582    hit@5 : 0.8646    hit@10 : 0.8783    precision@5 : 0.1729    precision@10 : 0.0878
Sun 12 Oct 2025 21:26:26 INFO  epoch 47 training [time: 11.27s, train loss: 9.9191]
Sun 12 Oct 2025 21:26:26 INFO  epoch 47 evaluating [time: 0.40s, valid_score: 0.850700]
Sun 12 Oct 2025 21:26:26 INFO  valid result: 
recall@5 : 0.8632    recall@10 : 0.8792    mrr@5 : 0.8487    mrr@10 : 0.8507    ndcg@5 : 0.8523    ndcg@10 : 0.8574    hit@5 : 0.8632    hit@10 : 0.8792    precision@5 : 0.1726    precision@10 : 0.0879
